<?xml version="1.0" encoding="UTF-8"?>
<!-- Generated by org.testng.reporters.JUnitReportReporter -->
<testsuite hostname="DESKTOP-90LHJ1B" failures="0" tests="1" name="test.TestApp" time="0.029" errors="0" timestamp="2023-06-04T10:49:00 CEST" skipped="0">
  <testcase classname="test.TestApp" name="login_test1" time="0.029"/>
  <system-out/>
</testsuite> <!-- test.TestApp -->
