<?xml version="1.0" encoding="UTF-8"?>
<!-- Generated by org.testng.reporters.JUnitReportReporter -->
<testsuite hostname="DESKTOP-90LHJ1B" failures="0" tests="6" name="test.OnlineShoppingSystemTest" time="0.065" errors="0" timestamp="2023-08-11T11:17:07 CEST" skipped="0">
  <testcase classname="test.OnlineShoppingSystemTest" name="testLoginSuccess" time="0.001"/>
  <system-out/>
  <testcase classname="test.OnlineShoppingSystemTest" name="testMakePayment" time="0.008"/>
  <system-out/>
  <testcase classname="test.OnlineShoppingSystemTest" name="testVerifyProductTitle" time="0.000"/>
  <system-out/>
  <testcase classname="test.OnlineShoppingSystemTest" name="testSearchProduct" time="0.007"/>
  <system-out/>
  <testcase classname="test.OnlineShoppingSystemTest" name="testLoginFailure" time="0.043"/>
  <system-out/>
  <testcase classname="test.OnlineShoppingSystemTest" name="testAddToCart" time="0.006"/>
  <system-out/>
</testsuite> <!-- test.OnlineShoppingSystemTest -->
